
> react-boilerplate@3.2.1 start /root/enterprise/SWEN-343-KennUWare-Corp/react
> cross-env NODE_ENV=development node server

Server started ✓

Access URLs:
-----------------------------------
Localhost: http://localhost:3000
      LAN: http://129.21.208.158:3000
-----------------------------------
Press CTRL-C to stop
    
webpack built 3cb320650696efb3b797 in 9126ms
Killed

> react-boilerplate@3.2.1 start /root/enterprise/SWEN-343-KennUWare-Corp/react
> cross-env NODE_ENV=development node server

Server started ✓

Access URLs:
-----------------------------------
Localhost: http://localhost:3000
      LAN: http://129.21.208.158:3000
-----------------------------------
Press CTRL-C to stop
    
webpack built 3cb320650696efb3b797 in 8469ms

> react-boilerplate@3.2.1 start /root/enterprise/SWEN-343-KennUWare-Corp/react
> cross-env NODE_ENV=development node server

Server started ✓

Access URLs:
-----------------------------------
Localhost: http://localhost:3000
      LAN: http://129.21.208.158:3000
-----------------------------------
Press CTRL-C to stop
    

> react-boilerplate@3.2.1 start /root/enterprise/SWEN-343-KennUWare-Corp/react
> cross-env NODE_ENV=development node server

Server started ✓

Access URLs:
-----------------------------------
Localhost: http://localhost:3000
      LAN: http://129.21.208.158:3000
-----------------------------------
Press CTRL-C to stop
    
webpack built 3cb320650696efb3b797 in 8242ms

> react-boilerplate@3.2.1 start /root/enterprise/SWEN-343-KennUWare-Corp/react
> cross-env NODE_ENV=development node server

Server started ✓

Access URLs:
-----------------------------------
Localhost: http://localhost:3000
      LAN: http://129.21.208.158:3000
-----------------------------------
Press CTRL-C to stop
    
webpack built 3cb320650696efb3b797 in 8340ms
